[save_run] Saved parameters at step 1000 → /user/home/zj22662/work/p3-dim-vary-s1-c2/ModelParams1000/m0p2.npz
[save_run] Saved outputs → /user/home/zj22662/work/p3-dim-vary-s1-c2/Learning/it0p2.npz
[save_run] Saved globals → /user/home/zj22662/work/p3-dim-vary-s1-c2/Learning/it0p2g.npz
[save_run] Saved final parameters → /user/home/zj22662/work/p3-dim-vary-s1-c2/ModelParams1000/m0p2.npz
[save_run] Appended entry to data_log and /user/home/zj22662/work/p3-dim-vary-s1-c2/run_log.yaml
2 done
[save_run] Saved parameters at step 1000 → /user/home/zj22662/work/p3-dim-vary-s1-c2/ModelParams1000/m1p3.npz
[save_run] Saved outputs → /user/home/zj22662/work/p3-dim-vary-s1-c2/Learning/it1p3.npz
[save_run] Saved globals → /user/home/zj22662/work/p3-dim-vary-s1-c2/Learning/it1p3g.npz
[save_run] Saved final parameters → /user/home/zj22662/work/p3-dim-vary-s1-c2/ModelParams1000/m1p3.npz
[save_run] Appended entry to data_log and /user/home/zj22662/work/p3-dim-vary-s1-c2/run_log.yaml
3 done
[save_run] Saved parameters at step 1000 → /user/home/zj22662/work/p3-dim-vary-s1-c2/ModelParams1000/m2p4.npz
[save_run] Saved outputs → /user/home/zj22662/work/p3-dim-vary-s1-c2/Learning/it2p4.npz
[save_run] Saved globals → /user/home/zj22662/work/p3-dim-vary-s1-c2/Learning/it2p4g.npz
[save_run] Saved final parameters → /user/home/zj22662/work/p3-dim-vary-s1-c2/ModelParams1000/m2p4.npz
[save_run] Appended entry to data_log and /user/home/zj22662/work/p3-dim-vary-s1-c2/run_log.yaml
4 done
[save_run] Saved parameters at step 1000 → /user/home/zj22662/work/p3-dim-vary-s1-c2/ModelParams1000/m3p5.npz
[save_run] Saved outputs → /user/home/zj22662/work/p3-dim-vary-s1-c2/Learning/it3p5.npz
[save_run] Saved globals → /user/home/zj22662/work/p3-dim-vary-s1-c2/Learning/it3p5g.npz
[save_run] Saved final parameters → /user/home/zj22662/work/p3-dim-vary-s1-c2/ModelParams1000/m3p5.npz
[save_run] Appended entry to data_log and /user/home/zj22662/work/p3-dim-vary-s1-c2/run_log.yaml
5 done
[save_run] Saved parameters at step 1000 → /user/home/zj22662/work/p3-dim-vary-s1-c2/ModelParams1000/m4p6.npz
[save_run] Saved outputs → /user/home/zj22662/work/p3-dim-vary-s1-c2/Learning/it4p6.npz
[save_run] Saved globals → /user/home/zj22662/work/p3-dim-vary-s1-c2/Learning/it4p6g.npz
[save_run] Saved final parameters → /user/home/zj22662/work/p3-dim-vary-s1-c2/ModelParams1000/m4p6.npz
[save_run] Appended entry to data_log and /user/home/zj22662/work/p3-dim-vary-s1-c2/run_log.yaml
6 done
[save_run] Saved parameters at step 1000 → /user/home/zj22662/work/p3-dim-vary-s1-c2/ModelParams1000/m5p7.npz
[save_run] Saved outputs → /user/home/zj22662/work/p3-dim-vary-s1-c2/Learning/it5p7.npz
[save_run] Saved globals → /user/home/zj22662/work/p3-dim-vary-s1-c2/Learning/it5p7g.npz
[save_run] Saved final parameters → /user/home/zj22662/work/p3-dim-vary-s1-c2/ModelParams1000/m5p7.npz
[save_run] Appended entry to data_log and /user/home/zj22662/work/p3-dim-vary-s1-c2/run_log.yaml
7 done
[save_run] Saved parameters at step 1000 → /user/home/zj22662/work/p3-dim-vary-s1-c2/ModelParams1000/m6p8.npz
[save_run] Saved outputs → /user/home/zj22662/work/p3-dim-vary-s1-c2/Learning/it6p8.npz
[save_run] Saved globals → /user/home/zj22662/work/p3-dim-vary-s1-c2/Learning/it6p8g.npz
[save_run] Saved final parameters → /user/home/zj22662/work/p3-dim-vary-s1-c2/ModelParams1000/m6p8.npz
[save_run] Appended entry to data_log and /user/home/zj22662/work/p3-dim-vary-s1-c2/run_log.yaml
8 done
[save_run] Saved parameters at step 1000 → /user/home/zj22662/work/p3-dim-vary-s1-c2/ModelParams1000/m7p9.npz
[save_run] Saved outputs → /user/home/zj22662/work/p3-dim-vary-s1-c2/Learning/it7p9.npz
[save_run] Saved globals → /user/home/zj22662/work/p3-dim-vary-s1-c2/Learning/it7p9g.npz
[save_run] Saved final parameters → /user/home/zj22662/work/p3-dim-vary-s1-c2/ModelParams1000/m7p9.npz
[save_run] Appended entry to data_log and /user/home/zj22662/work/p3-dim-vary-s1-c2/run_log.yaml
9 done
[save_run] Saved parameters at step 1000 → /user/home/zj22662/work/p3-dim-vary-s1-c2/ModelParams1000/m8p10.npz
[save_run] Saved outputs → /user/home/zj22662/work/p3-dim-vary-s1-c2/Learning/it8p10.npz
[save_run] Saved globals → /user/home/zj22662/work/p3-dim-vary-s1-c2/Learning/it8p10g.npz
[save_run] Saved final parameters → /user/home/zj22662/work/p3-dim-vary-s1-c2/ModelParams1000/m8p10.npz
[save_run] Appended entry to data_log and /user/home/zj22662/work/p3-dim-vary-s1-c2/run_log.yaml
10 done
