[save_run] Saved parameters at step 500 → /user/home/zj22662/work/p1-dim-vary-s0-c3/ModelParams500/m0ff3r2.npz
[save_run] Saved outputs → /user/home/zj22662/work/p1-dim-vary-s0-c3/Learning/it0ff3r2.npz
[save_run] Saved globals → /user/home/zj22662/work/p1-dim-vary-s0-c3/Learning/it0ff3r2g.npz
[save_run] Saved final parameters → /user/home/zj22662/work/p1-dim-vary-s0-c3/ModelParams500/m0ff3r2.npz
[save_run] Appended entry to data_log and /user/home/zj22662/work/p1-dim-vary-s0-c3/run_log.yaml
3 2 done
[save_run] Saved parameters at step 500 → /user/home/zj22662/work/p1-dim-vary-s0-c3/ModelParams500/m1ff4r3.npz
[save_run] Saved outputs → /user/home/zj22662/work/p1-dim-vary-s0-c3/Learning/it1ff4r3.npz
[save_run] Saved globals → /user/home/zj22662/work/p1-dim-vary-s0-c3/Learning/it1ff4r3g.npz
[save_run] Saved final parameters → /user/home/zj22662/work/p1-dim-vary-s0-c3/ModelParams500/m1ff4r3.npz
[save_run] Appended entry to data_log and /user/home/zj22662/work/p1-dim-vary-s0-c3/run_log.yaml
4 3 done
[save_run] Saved parameters at step 500 → /user/home/zj22662/work/p1-dim-vary-s0-c3/ModelParams500/m2ff5r4.npz
[save_run] Saved outputs → /user/home/zj22662/work/p1-dim-vary-s0-c3/Learning/it2ff5r4.npz
[save_run] Saved globals → /user/home/zj22662/work/p1-dim-vary-s0-c3/Learning/it2ff5r4g.npz
[save_run] Saved final parameters → /user/home/zj22662/work/p1-dim-vary-s0-c3/ModelParams500/m2ff5r4.npz
[save_run] Appended entry to data_log and /user/home/zj22662/work/p1-dim-vary-s0-c3/run_log.yaml
5 4 done
[save_run] Saved parameters at step 500 → /user/home/zj22662/work/p1-dim-vary-s0-c3/ModelParams500/m3ff6r5.npz
[save_run] Saved outputs → /user/home/zj22662/work/p1-dim-vary-s0-c3/Learning/it3ff6r5.npz
[save_run] Saved globals → /user/home/zj22662/work/p1-dim-vary-s0-c3/Learning/it3ff6r5g.npz
[save_run] Saved final parameters → /user/home/zj22662/work/p1-dim-vary-s0-c3/ModelParams500/m3ff6r5.npz
[save_run] Appended entry to data_log and /user/home/zj22662/work/p1-dim-vary-s0-c3/run_log.yaml
6 5 done
[save_run] Saved parameters at step 500 → /user/home/zj22662/work/p1-dim-vary-s0-c3/ModelParams500/m4ff7r6.npz
[save_run] Saved outputs → /user/home/zj22662/work/p1-dim-vary-s0-c3/Learning/it4ff7r6.npz
[save_run] Saved globals → /user/home/zj22662/work/p1-dim-vary-s0-c3/Learning/it4ff7r6g.npz
[save_run] Saved final parameters → /user/home/zj22662/work/p1-dim-vary-s0-c3/ModelParams500/m4ff7r6.npz
[save_run] Appended entry to data_log and /user/home/zj22662/work/p1-dim-vary-s0-c3/run_log.yaml
7 6 done
[save_run] Saved parameters at step 500 → /user/home/zj22662/work/p1-dim-vary-s0-c3/ModelParams500/m5ff8r7.npz
[save_run] Saved outputs → /user/home/zj22662/work/p1-dim-vary-s0-c3/Learning/it5ff8r7.npz
[save_run] Saved globals → /user/home/zj22662/work/p1-dim-vary-s0-c3/Learning/it5ff8r7g.npz
[save_run] Saved final parameters → /user/home/zj22662/work/p1-dim-vary-s0-c3/ModelParams500/m5ff8r7.npz
[save_run] Appended entry to data_log and /user/home/zj22662/work/p1-dim-vary-s0-c3/run_log.yaml
8 7 done
[save_run] Saved parameters at step 500 → /user/home/zj22662/work/p1-dim-vary-s0-c3/ModelParams500/m6ff9r8.npz
[save_run] Saved outputs → /user/home/zj22662/work/p1-dim-vary-s0-c3/Learning/it6ff9r8.npz
[save_run] Saved globals → /user/home/zj22662/work/p1-dim-vary-s0-c3/Learning/it6ff9r8g.npz
[save_run] Saved final parameters → /user/home/zj22662/work/p1-dim-vary-s0-c3/ModelParams500/m6ff9r8.npz
[save_run] Appended entry to data_log and /user/home/zj22662/work/p1-dim-vary-s0-c3/run_log.yaml
9 8 done
[save_run] Saved parameters at step 500 → /user/home/zj22662/work/p1-dim-vary-s0-c3/ModelParams500/m7ff10r9.npz
[save_run] Saved outputs → /user/home/zj22662/work/p1-dim-vary-s0-c3/Learning/it7ff10r9.npz
[save_run] Saved globals → /user/home/zj22662/work/p1-dim-vary-s0-c3/Learning/it7ff10r9g.npz
[save_run] Saved final parameters → /user/home/zj22662/work/p1-dim-vary-s0-c3/ModelParams500/m7ff10r9.npz
[save_run] Appended entry to data_log and /user/home/zj22662/work/p1-dim-vary-s0-c3/run_log.yaml
10 9 done
