[save_run] Saved outputs → /user/home/zj22662/work/reup-vary-1p-edge/Learning/it0f0.npz
[save_run] Saved globals → /user/home/zj22662/work/reup-vary-1p-edge/Learning/it0f0g.npz
[save_run] Saved final parameters → /user/home/zj22662/work/reup-vary-1p-edge/ModelParams/m0f0.npz
[save_run] Appended entry to data_log and /user/home/zj22662/work/reup-vary-1p-edge/run_log.yaml
0 done
[save_run] Saved outputs → /user/home/zj22662/work/reup-vary-1p-edge/Learning/it1f1.npz
[save_run] Saved globals → /user/home/zj22662/work/reup-vary-1p-edge/Learning/it1f1g.npz
[save_run] Saved final parameters → /user/home/zj22662/work/reup-vary-1p-edge/ModelParams/m1f1.npz
[save_run] Appended entry to data_log and /user/home/zj22662/work/reup-vary-1p-edge/run_log.yaml
1 done
[save_run] Saved outputs → /user/home/zj22662/work/reup-vary-1p-edge/Learning/it2f2.npz
[save_run] Saved globals → /user/home/zj22662/work/reup-vary-1p-edge/Learning/it2f2g.npz
[save_run] Saved final parameters → /user/home/zj22662/work/reup-vary-1p-edge/ModelParams/m2f2.npz
[save_run] Appended entry to data_log and /user/home/zj22662/work/reup-vary-1p-edge/run_log.yaml
2 done
[save_run] Saved outputs → /user/home/zj22662/work/reup-vary-1p-edge/Learning/it3f3.npz
[save_run] Saved globals → /user/home/zj22662/work/reup-vary-1p-edge/Learning/it3f3g.npz
[save_run] Saved final parameters → /user/home/zj22662/work/reup-vary-1p-edge/ModelParams/m3f3.npz
[save_run] Appended entry to data_log and /user/home/zj22662/work/reup-vary-1p-edge/run_log.yaml
3 done
[save_run] Saved outputs → /user/home/zj22662/work/reup-vary-1p-edge/Learning/it4f4.npz
[save_run] Saved globals → /user/home/zj22662/work/reup-vary-1p-edge/Learning/it4f4g.npz
[save_run] Saved final parameters → /user/home/zj22662/work/reup-vary-1p-edge/ModelParams/m4f4.npz
[save_run] Appended entry to data_log and /user/home/zj22662/work/reup-vary-1p-edge/run_log.yaml
4 done
