[save_run] Saved outputs → /user/home/zj22662/work/edge-photon-reup-vary-s0/Learning/it0f0.npz
[save_run] Saved globals → /user/home/zj22662/work/edge-photon-reup-vary-s0/Learning/it0f0g.npz
[save_run] Saved final parameters → /user/home/zj22662/work/edge-photon-reup-vary-s0/ModelParams/m0f0.npz
[save_run] Appended entry to data_log and /user/home/zj22662/work/edge-photon-reup-vary-s0/run_log.yaml
0 done
[save_run] Saved outputs → /user/home/zj22662/work/edge-photon-reup-vary-s0/Learning/it1f1.npz
[save_run] Saved globals → /user/home/zj22662/work/edge-photon-reup-vary-s0/Learning/it1f1g.npz
[save_run] Saved final parameters → /user/home/zj22662/work/edge-photon-reup-vary-s0/ModelParams/m1f1.npz
[save_run] Appended entry to data_log and /user/home/zj22662/work/edge-photon-reup-vary-s0/run_log.yaml
1 done
[save_run] Saved outputs → /user/home/zj22662/work/edge-photon-reup-vary-s0/Learning/it2f2.npz
[save_run] Saved globals → /user/home/zj22662/work/edge-photon-reup-vary-s0/Learning/it2f2g.npz
[save_run] Saved final parameters → /user/home/zj22662/work/edge-photon-reup-vary-s0/ModelParams/m2f2.npz
[save_run] Appended entry to data_log and /user/home/zj22662/work/edge-photon-reup-vary-s0/run_log.yaml
2 done
[save_run] Saved outputs → /user/home/zj22662/work/edge-photon-reup-vary-s0/Learning/it3f3.npz
[save_run] Saved globals → /user/home/zj22662/work/edge-photon-reup-vary-s0/Learning/it3f3g.npz
[save_run] Saved final parameters → /user/home/zj22662/work/edge-photon-reup-vary-s0/ModelParams/m3f3.npz
[save_run] Appended entry to data_log and /user/home/zj22662/work/edge-photon-reup-vary-s0/run_log.yaml
3 done
[save_run] Saved outputs → /user/home/zj22662/work/edge-photon-reup-vary-s0/Learning/it4f4.npz
[save_run] Saved globals → /user/home/zj22662/work/edge-photon-reup-vary-s0/Learning/it4f4g.npz
[save_run] Saved final parameters → /user/home/zj22662/work/edge-photon-reup-vary-s0/ModelParams/m4f4.npz
[save_run] Appended entry to data_log and /user/home/zj22662/work/edge-photon-reup-vary-s0/run_log.yaml
4 done
[save_run] Saved outputs → /user/home/zj22662/work/edge-photon-reup-vary-s0/Learning/it5f5.npz
[save_run] Saved globals → /user/home/zj22662/work/edge-photon-reup-vary-s0/Learning/it5f5g.npz
[save_run] Saved final parameters → /user/home/zj22662/work/edge-photon-reup-vary-s0/ModelParams/m5f5.npz
[save_run] Appended entry to data_log and /user/home/zj22662/work/edge-photon-reup-vary-s0/run_log.yaml
5 done
[save_run] Saved outputs → /user/home/zj22662/work/edge-photon-reup-vary-s0/Learning/it6f6.npz
[save_run] Saved globals → /user/home/zj22662/work/edge-photon-reup-vary-s0/Learning/it6f6g.npz
[save_run] Saved final parameters → /user/home/zj22662/work/edge-photon-reup-vary-s0/ModelParams/m6f6.npz
[save_run] Appended entry to data_log and /user/home/zj22662/work/edge-photon-reup-vary-s0/run_log.yaml
6 done
[save_run] Saved outputs → /user/home/zj22662/work/edge-photon-reup-vary-s0/Learning/it7f7.npz
[save_run] Saved globals → /user/home/zj22662/work/edge-photon-reup-vary-s0/Learning/it7f7g.npz
[save_run] Saved final parameters → /user/home/zj22662/work/edge-photon-reup-vary-s0/ModelParams/m7f7.npz
[save_run] Appended entry to data_log and /user/home/zj22662/work/edge-photon-reup-vary-s0/run_log.yaml
7 done
[save_run] Saved outputs → /user/home/zj22662/work/edge-photon-reup-vary-s0/Learning/it8f8.npz
[save_run] Saved globals → /user/home/zj22662/work/edge-photon-reup-vary-s0/Learning/it8f8g.npz
[save_run] Saved final parameters → /user/home/zj22662/work/edge-photon-reup-vary-s0/ModelParams/m8f8.npz
[save_run] Appended entry to data_log and /user/home/zj22662/work/edge-photon-reup-vary-s0/run_log.yaml
8 done
[save_run] Saved outputs → /user/home/zj22662/work/edge-photon-reup-vary-s0/Learning/it9f9.npz
[save_run] Saved globals → /user/home/zj22662/work/edge-photon-reup-vary-s0/Learning/it9f9g.npz
[save_run] Saved final parameters → /user/home/zj22662/work/edge-photon-reup-vary-s0/ModelParams/m9f9.npz
[save_run] Appended entry to data_log and /user/home/zj22662/work/edge-photon-reup-vary-s0/run_log.yaml
9 done
