[save_run] Saved parameters at step 50 → /user/home/zj22662/work/p1-reup-pos-vary-s2/ModelParams50/m0f(0, 4, 9).npz
[save_run] Saved parameters at step 100 → /user/home/zj22662/work/p1-reup-pos-vary-s2/ModelParams100/m0f(0, 4, 9).npz
[save_run] Saved parameters at step 200 → /user/home/zj22662/work/p1-reup-pos-vary-s2/ModelParams200/m0f(0, 4, 9).npz
[save_run] Saved parameters at step 400 → /user/home/zj22662/work/p1-reup-pos-vary-s2/ModelParams400/m0f(0, 4, 9).npz
[save_run] Saved parameters at step 800 → /user/home/zj22662/work/p1-reup-pos-vary-s2/ModelParams800/m0f(0, 4, 9).npz
[save_run] Saved outputs → /user/home/zj22662/work/p1-reup-pos-vary-s2/Learning/it0f(0, 4, 9).npz
[save_run] Saved globals → /user/home/zj22662/work/p1-reup-pos-vary-s2/Learning/it0f(0, 4, 9)g.npz
[save_run] Saved final parameters → /user/home/zj22662/work/p1-reup-pos-vary-s2/ModelParams800/m0f(0, 4, 9).npz
[save_run] Appended entry to data_log and /user/home/zj22662/work/p1-reup-pos-vary-s2/run_log.yaml
(0, 4, 9) done
[save_run] Saved parameters at step 50 → /user/home/zj22662/work/p1-reup-pos-vary-s2/ModelParams50/m1f(0, 5, 9).npz
[save_run] Saved parameters at step 100 → /user/home/zj22662/work/p1-reup-pos-vary-s2/ModelParams100/m1f(0, 5, 9).npz
[save_run] Saved parameters at step 200 → /user/home/zj22662/work/p1-reup-pos-vary-s2/ModelParams200/m1f(0, 5, 9).npz
[save_run] Saved parameters at step 400 → /user/home/zj22662/work/p1-reup-pos-vary-s2/ModelParams400/m1f(0, 5, 9).npz
[save_run] Saved parameters at step 800 → /user/home/zj22662/work/p1-reup-pos-vary-s2/ModelParams800/m1f(0, 5, 9).npz
[save_run] Saved outputs → /user/home/zj22662/work/p1-reup-pos-vary-s2/Learning/it1f(0, 5, 9).npz
[save_run] Saved globals → /user/home/zj22662/work/p1-reup-pos-vary-s2/Learning/it1f(0, 5, 9)g.npz
[save_run] Saved final parameters → /user/home/zj22662/work/p1-reup-pos-vary-s2/ModelParams800/m1f(0, 5, 9).npz
[save_run] Appended entry to data_log and /user/home/zj22662/work/p1-reup-pos-vary-s2/run_log.yaml
(0, 5, 9) done
[save_run] Saved parameters at step 50 → /user/home/zj22662/work/p1-reup-pos-vary-s2/ModelParams50/m2f(1, 4, 8).npz
[save_run] Saved parameters at step 100 → /user/home/zj22662/work/p1-reup-pos-vary-s2/ModelParams100/m2f(1, 4, 8).npz
[save_run] Saved parameters at step 200 → /user/home/zj22662/work/p1-reup-pos-vary-s2/ModelParams200/m2f(1, 4, 8).npz
[save_run] Saved parameters at step 400 → /user/home/zj22662/work/p1-reup-pos-vary-s2/ModelParams400/m2f(1, 4, 8).npz
[save_run] Saved parameters at step 800 → /user/home/zj22662/work/p1-reup-pos-vary-s2/ModelParams800/m2f(1, 4, 8).npz
[save_run] Saved outputs → /user/home/zj22662/work/p1-reup-pos-vary-s2/Learning/it2f(1, 4, 8).npz
[save_run] Saved globals → /user/home/zj22662/work/p1-reup-pos-vary-s2/Learning/it2f(1, 4, 8)g.npz
[save_run] Saved final parameters → /user/home/zj22662/work/p1-reup-pos-vary-s2/ModelParams800/m2f(1, 4, 8).npz
[save_run] Appended entry to data_log and /user/home/zj22662/work/p1-reup-pos-vary-s2/run_log.yaml
(1, 4, 8) done
[save_run] Saved parameters at step 50 → /user/home/zj22662/work/p1-reup-pos-vary-s2/ModelParams50/m3f(1, 5, 8).npz
[save_run] Saved parameters at step 100 → /user/home/zj22662/work/p1-reup-pos-vary-s2/ModelParams100/m3f(1, 5, 8).npz
[save_run] Saved parameters at step 200 → /user/home/zj22662/work/p1-reup-pos-vary-s2/ModelParams200/m3f(1, 5, 8).npz
[save_run] Saved parameters at step 400 → /user/home/zj22662/work/p1-reup-pos-vary-s2/ModelParams400/m3f(1, 5, 8).npz
[save_run] Saved parameters at step 800 → /user/home/zj22662/work/p1-reup-pos-vary-s2/ModelParams800/m3f(1, 5, 8).npz
[save_run] Saved outputs → /user/home/zj22662/work/p1-reup-pos-vary-s2/Learning/it3f(1, 5, 8).npz
[save_run] Saved globals → /user/home/zj22662/work/p1-reup-pos-vary-s2/Learning/it3f(1, 5, 8)g.npz
[save_run] Saved final parameters → /user/home/zj22662/work/p1-reup-pos-vary-s2/ModelParams800/m3f(1, 5, 8).npz
[save_run] Appended entry to data_log and /user/home/zj22662/work/p1-reup-pos-vary-s2/run_log.yaml
(1, 5, 8) done
[save_run] Saved parameters at step 50 → /user/home/zj22662/work/p1-reup-pos-vary-s2/ModelParams50/m4f(4, 6, 8).npz
[save_run] Saved parameters at step 100 → /user/home/zj22662/work/p1-reup-pos-vary-s2/ModelParams100/m4f(4, 6, 8).npz
[save_run] Saved parameters at step 200 → /user/home/zj22662/work/p1-reup-pos-vary-s2/ModelParams200/m4f(4, 6, 8).npz
[save_run] Saved parameters at step 400 → /user/home/zj22662/work/p1-reup-pos-vary-s2/ModelParams400/m4f(4, 6, 8).npz
[save_run] Saved parameters at step 800 → /user/home/zj22662/work/p1-reup-pos-vary-s2/ModelParams800/m4f(4, 6, 8).npz
[save_run] Saved outputs → /user/home/zj22662/work/p1-reup-pos-vary-s2/Learning/it4f(4, 6, 8).npz
[save_run] Saved globals → /user/home/zj22662/work/p1-reup-pos-vary-s2/Learning/it4f(4, 6, 8)g.npz
[save_run] Saved final parameters → /user/home/zj22662/work/p1-reup-pos-vary-s2/ModelParams800/m4f(4, 6, 8).npz
[save_run] Appended entry to data_log and /user/home/zj22662/work/p1-reup-pos-vary-s2/run_log.yaml
(4, 6, 8) done
[save_run] Saved parameters at step 50 → /user/home/zj22662/work/p1-reup-pos-vary-s2/ModelParams50/m5f(0, 2, 4).npz
[save_run] Saved parameters at step 100 → /user/home/zj22662/work/p1-reup-pos-vary-s2/ModelParams100/m5f(0, 2, 4).npz
[save_run] Saved parameters at step 200 → /user/home/zj22662/work/p1-reup-pos-vary-s2/ModelParams200/m5f(0, 2, 4).npz
[save_run] Saved parameters at step 400 → /user/home/zj22662/work/p1-reup-pos-vary-s2/ModelParams400/m5f(0, 2, 4).npz
[save_run] Saved parameters at step 800 → /user/home/zj22662/work/p1-reup-pos-vary-s2/ModelParams800/m5f(0, 2, 4).npz
[save_run] Saved outputs → /user/home/zj22662/work/p1-reup-pos-vary-s2/Learning/it5f(0, 2, 4).npz
[save_run] Saved globals → /user/home/zj22662/work/p1-reup-pos-vary-s2/Learning/it5f(0, 2, 4)g.npz
[save_run] Saved final parameters → /user/home/zj22662/work/p1-reup-pos-vary-s2/ModelParams800/m5f(0, 2, 4).npz
[save_run] Appended entry to data_log and /user/home/zj22662/work/p1-reup-pos-vary-s2/run_log.yaml
(0, 2, 4) done
[save_run] Saved parameters at step 50 → /user/home/zj22662/work/p1-reup-pos-vary-s2/ModelParams50/m6f(3, 5, 7).npz
[save_run] Saved parameters at step 100 → /user/home/zj22662/work/p1-reup-pos-vary-s2/ModelParams100/m6f(3, 5, 7).npz
[save_run] Saved parameters at step 200 → /user/home/zj22662/work/p1-reup-pos-vary-s2/ModelParams200/m6f(3, 5, 7).npz
[save_run] Saved parameters at step 400 → /user/home/zj22662/work/p1-reup-pos-vary-s2/ModelParams400/m6f(3, 5, 7).npz
[save_run] Saved parameters at step 800 → /user/home/zj22662/work/p1-reup-pos-vary-s2/ModelParams800/m6f(3, 5, 7).npz
[save_run] Saved outputs → /user/home/zj22662/work/p1-reup-pos-vary-s2/Learning/it6f(3, 5, 7).npz
[save_run] Saved globals → /user/home/zj22662/work/p1-reup-pos-vary-s2/Learning/it6f(3, 5, 7)g.npz
[save_run] Saved final parameters → /user/home/zj22662/work/p1-reup-pos-vary-s2/ModelParams800/m6f(3, 5, 7).npz
[save_run] Appended entry to data_log and /user/home/zj22662/work/p1-reup-pos-vary-s2/run_log.yaml
(3, 5, 7) done
[save_run] Saved parameters at step 50 → /user/home/zj22662/work/p1-reup-pos-vary-s2/ModelParams50/m7f(2, 4, 6).npz
[save_run] Saved parameters at step 100 → /user/home/zj22662/work/p1-reup-pos-vary-s2/ModelParams100/m7f(2, 4, 6).npz
[save_run] Saved parameters at step 200 → /user/home/zj22662/work/p1-reup-pos-vary-s2/ModelParams200/m7f(2, 4, 6).npz
[save_run] Saved parameters at step 400 → /user/home/zj22662/work/p1-reup-pos-vary-s2/ModelParams400/m7f(2, 4, 6).npz
[save_run] Saved parameters at step 800 → /user/home/zj22662/work/p1-reup-pos-vary-s2/ModelParams800/m7f(2, 4, 6).npz
[save_run] Saved outputs → /user/home/zj22662/work/p1-reup-pos-vary-s2/Learning/it7f(2, 4, 6).npz
[save_run] Saved globals → /user/home/zj22662/work/p1-reup-pos-vary-s2/Learning/it7f(2, 4, 6)g.npz
[save_run] Saved final parameters → /user/home/zj22662/work/p1-reup-pos-vary-s2/ModelParams800/m7f(2, 4, 6).npz
[save_run] Appended entry to data_log and /user/home/zj22662/work/p1-reup-pos-vary-s2/run_log.yaml
(2, 4, 6) done
[save_run] Saved parameters at step 50 → /user/home/zj22662/work/p1-reup-pos-vary-s2/ModelParams50/m8f(1, 4, 8).npz
[save_run] Saved parameters at step 100 → /user/home/zj22662/work/p1-reup-pos-vary-s2/ModelParams100/m8f(1, 4, 8).npz
[save_run] Saved parameters at step 200 → /user/home/zj22662/work/p1-reup-pos-vary-s2/ModelParams200/m8f(1, 4, 8).npz
[save_run] Saved parameters at step 400 → /user/home/zj22662/work/p1-reup-pos-vary-s2/ModelParams400/m8f(1, 4, 8).npz
[save_run] Saved parameters at step 800 → /user/home/zj22662/work/p1-reup-pos-vary-s2/ModelParams800/m8f(1, 4, 8).npz
[save_run] Saved outputs → /user/home/zj22662/work/p1-reup-pos-vary-s2/Learning/it8f(1, 4, 8).npz
[save_run] Saved globals → /user/home/zj22662/work/p1-reup-pos-vary-s2/Learning/it8f(1, 4, 8)g.npz
[save_run] Saved final parameters → /user/home/zj22662/work/p1-reup-pos-vary-s2/ModelParams800/m8f(1, 4, 8).npz
[save_run] Appended entry to data_log and /user/home/zj22662/work/p1-reup-pos-vary-s2/run_log.yaml
(1, 4, 8) done
[save_run] Saved parameters at step 50 → /user/home/zj22662/work/p1-reup-pos-vary-s2/ModelParams50/m9f(1, 5, 8).npz
[save_run] Saved parameters at step 100 → /user/home/zj22662/work/p1-reup-pos-vary-s2/ModelParams100/m9f(1, 5, 8).npz
[save_run] Saved parameters at step 200 → /user/home/zj22662/work/p1-reup-pos-vary-s2/ModelParams200/m9f(1, 5, 8).npz
[save_run] Saved parameters at step 400 → /user/home/zj22662/work/p1-reup-pos-vary-s2/ModelParams400/m9f(1, 5, 8).npz
[save_run] Saved parameters at step 800 → /user/home/zj22662/work/p1-reup-pos-vary-s2/ModelParams800/m9f(1, 5, 8).npz
[save_run] Saved outputs → /user/home/zj22662/work/p1-reup-pos-vary-s2/Learning/it9f(1, 5, 8).npz
[save_run] Saved globals → /user/home/zj22662/work/p1-reup-pos-vary-s2/Learning/it9f(1, 5, 8)g.npz
[save_run] Saved final parameters → /user/home/zj22662/work/p1-reup-pos-vary-s2/ModelParams800/m9f(1, 5, 8).npz
[save_run] Appended entry to data_log and /user/home/zj22662/work/p1-reup-pos-vary-s2/run_log.yaml
(1, 5, 8) done
