[save_run] Saved parameters at step 25 → /user/home/zj22662/work/p3-shuffle-rf8-800-d10/ModelParams25/m0s0.npz
[save_run] Saved parameters at step 50 → /user/home/zj22662/work/p3-shuffle-rf8-800-d10/ModelParams50/m0s0.npz
[save_run] Saved parameters at step 100 → /user/home/zj22662/work/p3-shuffle-rf8-800-d10/ModelParams100/m0s0.npz
[save_run] Saved parameters at step 200 → /user/home/zj22662/work/p3-shuffle-rf8-800-d10/ModelParams200/m0s0.npz
[save_run] Saved parameters at step 400 → /user/home/zj22662/work/p3-shuffle-rf8-800-d10/ModelParams400/m0s0.npz
[save_run] Saved parameters at step 800 → /user/home/zj22662/work/p3-shuffle-rf8-800-d10/ModelParams800/m0s0.npz
[save_run] Saved outputs → /user/home/zj22662/work/p3-shuffle-rf8-800-d10/Learning/it0s0.npz
[save_run] Saved globals → /user/home/zj22662/work/p3-shuffle-rf8-800-d10/Learning/it0s0g.npz
[save_run] Saved final parameters → /user/home/zj22662/work/p3-shuffle-rf8-800-d10/ModelParams800/m0s0.npz
[save_run] Appended entry to data_log and /user/home/zj22662/work/p3-shuffle-rf8-800-d10/run_log.yaml
0 done
[save_run] Saved parameters at step 25 → /user/home/zj22662/work/p3-shuffle-rf8-800-d10/ModelParams25/m1s1.npz
[save_run] Saved parameters at step 50 → /user/home/zj22662/work/p3-shuffle-rf8-800-d10/ModelParams50/m1s1.npz
[save_run] Saved parameters at step 100 → /user/home/zj22662/work/p3-shuffle-rf8-800-d10/ModelParams100/m1s1.npz
[save_run] Saved parameters at step 200 → /user/home/zj22662/work/p3-shuffle-rf8-800-d10/ModelParams200/m1s1.npz
[save_run] Saved parameters at step 400 → /user/home/zj22662/work/p3-shuffle-rf8-800-d10/ModelParams400/m1s1.npz
[save_run] Saved parameters at step 800 → /user/home/zj22662/work/p3-shuffle-rf8-800-d10/ModelParams800/m1s1.npz
[save_run] Saved outputs → /user/home/zj22662/work/p3-shuffle-rf8-800-d10/Learning/it1s1.npz
[save_run] Saved globals → /user/home/zj22662/work/p3-shuffle-rf8-800-d10/Learning/it1s1g.npz
[save_run] Saved final parameters → /user/home/zj22662/work/p3-shuffle-rf8-800-d10/ModelParams800/m1s1.npz
[save_run] Appended entry to data_log and /user/home/zj22662/work/p3-shuffle-rf8-800-d10/run_log.yaml
1 done
[save_run] Saved parameters at step 25 → /user/home/zj22662/work/p3-shuffle-rf8-800-d10/ModelParams25/m2s2.npz
[save_run] Saved parameters at step 50 → /user/home/zj22662/work/p3-shuffle-rf8-800-d10/ModelParams50/m2s2.npz
[save_run] Saved parameters at step 100 → /user/home/zj22662/work/p3-shuffle-rf8-800-d10/ModelParams100/m2s2.npz
[save_run] Saved parameters at step 200 → /user/home/zj22662/work/p3-shuffle-rf8-800-d10/ModelParams200/m2s2.npz
[save_run] Saved parameters at step 400 → /user/home/zj22662/work/p3-shuffle-rf8-800-d10/ModelParams400/m2s2.npz
[save_run] Saved parameters at step 800 → /user/home/zj22662/work/p3-shuffle-rf8-800-d10/ModelParams800/m2s2.npz
[save_run] Saved outputs → /user/home/zj22662/work/p3-shuffle-rf8-800-d10/Learning/it2s2.npz
[save_run] Saved globals → /user/home/zj22662/work/p3-shuffle-rf8-800-d10/Learning/it2s2g.npz
[save_run] Saved final parameters → /user/home/zj22662/work/p3-shuffle-rf8-800-d10/ModelParams800/m2s2.npz
[save_run] Appended entry to data_log and /user/home/zj22662/work/p3-shuffle-rf8-800-d10/run_log.yaml
2 done
