[save_run] Saved parameters at step 500 → /user/home/zj22662/work/p3-reup-vary/ModelParams500/m0f0.npz
[save_run] Saved outputs → /user/home/zj22662/work/p3-reup-vary/Learning/it0f0.npz
[save_run] Saved globals → /user/home/zj22662/work/p3-reup-vary/Learning/it0f0g.npz
[save_run] Saved final parameters → /user/home/zj22662/work/p3-reup-vary/ModelParams500/m0f0.npz
[save_run] Appended entry to data_log and /user/home/zj22662/work/p3-reup-vary/run_log.yaml
0 done
[save_run] Saved parameters at step 500 → /user/home/zj22662/work/p3-reup-vary/ModelParams500/m1f1.npz
[save_run] Saved outputs → /user/home/zj22662/work/p3-reup-vary/Learning/it1f1.npz
[save_run] Saved globals → /user/home/zj22662/work/p3-reup-vary/Learning/it1f1g.npz
[save_run] Saved final parameters → /user/home/zj22662/work/p3-reup-vary/ModelParams500/m1f1.npz
[save_run] Appended entry to data_log and /user/home/zj22662/work/p3-reup-vary/run_log.yaml
1 done
[save_run] Saved parameters at step 500 → /user/home/zj22662/work/p3-reup-vary/ModelParams500/m2f2.npz
[save_run] Saved outputs → /user/home/zj22662/work/p3-reup-vary/Learning/it2f2.npz
[save_run] Saved globals → /user/home/zj22662/work/p3-reup-vary/Learning/it2f2g.npz
[save_run] Saved final parameters → /user/home/zj22662/work/p3-reup-vary/ModelParams500/m2f2.npz
[save_run] Appended entry to data_log and /user/home/zj22662/work/p3-reup-vary/run_log.yaml
2 done
[save_run] Saved parameters at step 500 → /user/home/zj22662/work/p3-reup-vary/ModelParams500/m3f3.npz
[save_run] Saved outputs → /user/home/zj22662/work/p3-reup-vary/Learning/it3f3.npz
[save_run] Saved globals → /user/home/zj22662/work/p3-reup-vary/Learning/it3f3g.npz
[save_run] Saved final parameters → /user/home/zj22662/work/p3-reup-vary/ModelParams500/m3f3.npz
[save_run] Appended entry to data_log and /user/home/zj22662/work/p3-reup-vary/run_log.yaml
3 done
[save_run] Saved parameters at step 500 → /user/home/zj22662/work/p3-reup-vary/ModelParams500/m4f4.npz
[save_run] Saved outputs → /user/home/zj22662/work/p3-reup-vary/Learning/it4f4.npz
[save_run] Saved globals → /user/home/zj22662/work/p3-reup-vary/Learning/it4f4g.npz
[save_run] Saved final parameters → /user/home/zj22662/work/p3-reup-vary/ModelParams500/m4f4.npz
[save_run] Appended entry to data_log and /user/home/zj22662/work/p3-reup-vary/run_log.yaml
4 done
[save_run] Saved parameters at step 500 → /user/home/zj22662/work/p3-reup-vary/ModelParams500/m5f5.npz
[save_run] Saved outputs → /user/home/zj22662/work/p3-reup-vary/Learning/it5f5.npz
[save_run] Saved globals → /user/home/zj22662/work/p3-reup-vary/Learning/it5f5g.npz
[save_run] Saved final parameters → /user/home/zj22662/work/p3-reup-vary/ModelParams500/m5f5.npz
[save_run] Appended entry to data_log and /user/home/zj22662/work/p3-reup-vary/run_log.yaml
5 done
[save_run] Saved parameters at step 500 → /user/home/zj22662/work/p3-reup-vary/ModelParams500/m6f7.npz
[save_run] Saved outputs → /user/home/zj22662/work/p3-reup-vary/Learning/it6f7.npz
[save_run] Saved globals → /user/home/zj22662/work/p3-reup-vary/Learning/it6f7g.npz
[save_run] Saved final parameters → /user/home/zj22662/work/p3-reup-vary/ModelParams500/m6f7.npz
[save_run] Appended entry to data_log and /user/home/zj22662/work/p3-reup-vary/run_log.yaml
7 done
[save_run] Saved parameters at step 500 → /user/home/zj22662/work/p3-reup-vary/ModelParams500/m7f8.npz
[save_run] Saved outputs → /user/home/zj22662/work/p3-reup-vary/Learning/it7f8.npz
[save_run] Saved globals → /user/home/zj22662/work/p3-reup-vary/Learning/it7f8g.npz
[save_run] Saved final parameters → /user/home/zj22662/work/p3-reup-vary/ModelParams500/m7f8.npz
[save_run] Appended entry to data_log and /user/home/zj22662/work/p3-reup-vary/run_log.yaml
8 done
[save_run] Saved parameters at step 500 → /user/home/zj22662/work/p3-reup-vary/ModelParams500/m8f9.npz
[save_run] Saved outputs → /user/home/zj22662/work/p3-reup-vary/Learning/it8f9.npz
[save_run] Saved globals → /user/home/zj22662/work/p3-reup-vary/Learning/it8f9g.npz
[save_run] Saved final parameters → /user/home/zj22662/work/p3-reup-vary/ModelParams500/m8f9.npz
[save_run] Appended entry to data_log and /user/home/zj22662/work/p3-reup-vary/run_log.yaml
9 done
