[save_run] Saved outputs → /user/home/zj22662/work/reup-d10-s0/Learning/it1f0.npz
[save_run] Saved globals → /user/home/zj22662/work/reup-d10-s0/Learning/it1f0g.npz
[save_run] Saved final parameters → /user/home/zj22662/work/reup-d10-s0/ModelParams/m1f0.npz
[save_run] Appended entry to data_log and /user/home/zj22662/work/reup-d10-s0/run_log.yaml
0 done
[save_run] Saved outputs → /user/home/zj22662/work/reup-d10-s0/Learning/it2f1.npz
[save_run] Saved globals → /user/home/zj22662/work/reup-d10-s0/Learning/it2f1g.npz
[save_run] Saved final parameters → /user/home/zj22662/work/reup-d10-s0/ModelParams/m2f1.npz
[save_run] Appended entry to data_log and /user/home/zj22662/work/reup-d10-s0/run_log.yaml
1 done
[save_run] Saved outputs → /user/home/zj22662/work/reup-d10-s0/Learning/it3f2.npz
[save_run] Saved globals → /user/home/zj22662/work/reup-d10-s0/Learning/it3f2g.npz
[save_run] Saved final parameters → /user/home/zj22662/work/reup-d10-s0/ModelParams/m3f2.npz
[save_run] Appended entry to data_log and /user/home/zj22662/work/reup-d10-s0/run_log.yaml
2 done
[save_run] Saved outputs → /user/home/zj22662/work/reup-d10-s0/Learning/it4f3.npz
[save_run] Saved globals → /user/home/zj22662/work/reup-d10-s0/Learning/it4f3g.npz
[save_run] Saved final parameters → /user/home/zj22662/work/reup-d10-s0/ModelParams/m4f3.npz
[save_run] Appended entry to data_log and /user/home/zj22662/work/reup-d10-s0/run_log.yaml
3 done
[save_run] Saved outputs → /user/home/zj22662/work/reup-d10-s0/Learning/it5f4.npz
[save_run] Saved globals → /user/home/zj22662/work/reup-d10-s0/Learning/it5f4g.npz
[save_run] Saved final parameters → /user/home/zj22662/work/reup-d10-s0/ModelParams/m5f4.npz
[save_run] Appended entry to data_log and /user/home/zj22662/work/reup-d10-s0/run_log.yaml
4 done
[save_run] Saved outputs → /user/home/zj22662/work/reup-d10-s0/Learning/it6f56.npz
[save_run] Saved globals → /user/home/zj22662/work/reup-d10-s0/Learning/it6f56g.npz
[save_run] Saved final parameters → /user/home/zj22662/work/reup-d10-s0/ModelParams/m6f56.npz
[save_run] Appended entry to data_log and /user/home/zj22662/work/reup-d10-s0/run_log.yaml
56 done
[save_run] Saved outputs → /user/home/zj22662/work/reup-d10-s0/Learning/it7f7.npz
[save_run] Saved globals → /user/home/zj22662/work/reup-d10-s0/Learning/it7f7g.npz
[save_run] Saved final parameters → /user/home/zj22662/work/reup-d10-s0/ModelParams/m7f7.npz
[save_run] Appended entry to data_log and /user/home/zj22662/work/reup-d10-s0/run_log.yaml
7 done
[save_run] Saved outputs → /user/home/zj22662/work/reup-d10-s0/Learning/it8f8.npz
[save_run] Saved globals → /user/home/zj22662/work/reup-d10-s0/Learning/it8f8g.npz
[save_run] Saved final parameters → /user/home/zj22662/work/reup-d10-s0/ModelParams/m8f8.npz
[save_run] Appended entry to data_log and /user/home/zj22662/work/reup-d10-s0/run_log.yaml
8 done
[save_run] Saved outputs → /user/home/zj22662/work/reup-d10-s0/Learning/it9f9.npz
[save_run] Saved globals → /user/home/zj22662/work/reup-d10-s0/Learning/it9f9g.npz
[save_run] Saved final parameters → /user/home/zj22662/work/reup-d10-s0/ModelParams/m9f9.npz
[save_run] Appended entry to data_log and /user/home/zj22662/work/reup-d10-s0/run_log.yaml
9 done
[save_run] Saved outputs → /user/home/zj22662/work/reup-d10-s0/Learning/it10f10.npz
[save_run] Saved globals → /user/home/zj22662/work/reup-d10-s0/Learning/it10f10g.npz
[save_run] Saved final parameters → /user/home/zj22662/work/reup-d10-s0/ModelParams/m10f10.npz
[save_run] Appended entry to data_log and /user/home/zj22662/work/reup-d10-s0/run_log.yaml
10 done
[save_run] Saved outputs → /user/home/zj22662/work/reup-d10-s0/Learning/it11f11.npz
[save_run] Saved globals → /user/home/zj22662/work/reup-d10-s0/Learning/it11f11g.npz
[save_run] Saved final parameters → /user/home/zj22662/work/reup-d10-s0/ModelParams/m11f11.npz
[save_run] Appended entry to data_log and /user/home/zj22662/work/reup-d10-s0/run_log.yaml
11 done
[save_run] Saved outputs → /user/home/zj22662/work/reup-d10-s0/Learning/it12f12.npz
[save_run] Saved globals → /user/home/zj22662/work/reup-d10-s0/Learning/it12f12g.npz
[save_run] Saved final parameters → /user/home/zj22662/work/reup-d10-s0/ModelParams/m12f12.npz
[save_run] Appended entry to data_log and /user/home/zj22662/work/reup-d10-s0/run_log.yaml
12 done
[save_run] Saved outputs → /user/home/zj22662/work/reup-d10-s0/Learning/it13f13.npz
[save_run] Saved globals → /user/home/zj22662/work/reup-d10-s0/Learning/it13f13g.npz
[save_run] Saved final parameters → /user/home/zj22662/work/reup-d10-s0/ModelParams/m13f13.npz
[save_run] Appended entry to data_log and /user/home/zj22662/work/reup-d10-s0/run_log.yaml
13 done
[save_run] Saved outputs → /user/home/zj22662/work/reup-d10-s0/Learning/it14f14.npz
[save_run] Saved globals → /user/home/zj22662/work/reup-d10-s0/Learning/it14f14g.npz
[save_run] Saved final parameters → /user/home/zj22662/work/reup-d10-s0/ModelParams/m14f14.npz
[save_run] Appended entry to data_log and /user/home/zj22662/work/reup-d10-s0/run_log.yaml
14 done
[save_run] Saved outputs → /user/home/zj22662/work/reup-d10-s0/Learning/it15f15.npz
[save_run] Saved globals → /user/home/zj22662/work/reup-d10-s0/Learning/it15f15g.npz
[save_run] Saved final parameters → /user/home/zj22662/work/reup-d10-s0/ModelParams/m15f15.npz
[save_run] Appended entry to data_log and /user/home/zj22662/work/reup-d10-s0/run_log.yaml
15 done
[save_run] Saved outputs → /user/home/zj22662/work/reup-d10-s0/Learning/it16f16.npz
[save_run] Saved globals → /user/home/zj22662/work/reup-d10-s0/Learning/it16f16g.npz
[save_run] Saved final parameters → /user/home/zj22662/work/reup-d10-s0/ModelParams/m16f16.npz
[save_run] Appended entry to data_log and /user/home/zj22662/work/reup-d10-s0/run_log.yaml
16 done
[save_run] Saved outputs → /user/home/zj22662/work/reup-d10-s0/Learning/it17f17.npz
[save_run] Saved globals → /user/home/zj22662/work/reup-d10-s0/Learning/it17f17g.npz
[save_run] Saved final parameters → /user/home/zj22662/work/reup-d10-s0/ModelParams/m17f17.npz
[save_run] Appended entry to data_log and /user/home/zj22662/work/reup-d10-s0/run_log.yaml
17 done
[save_run] Saved outputs → /user/home/zj22662/work/reup-d10-s0/Learning/it18f18.npz
[save_run] Saved globals → /user/home/zj22662/work/reup-d10-s0/Learning/it18f18g.npz
[save_run] Saved final parameters → /user/home/zj22662/work/reup-d10-s0/ModelParams/m18f18.npz
[save_run] Appended entry to data_log and /user/home/zj22662/work/reup-d10-s0/run_log.yaml
18 done
[save_run] Saved outputs → /user/home/zj22662/work/reup-d10-s0/Learning/it19f19.npz
[save_run] Saved globals → /user/home/zj22662/work/reup-d10-s0/Learning/it19f19g.npz
[save_run] Saved final parameters → /user/home/zj22662/work/reup-d10-s0/ModelParams/m19f19.npz
[save_run] Appended entry to data_log and /user/home/zj22662/work/reup-d10-s0/run_log.yaml
19 done
[save_run] Saved outputs → /user/home/zj22662/work/reup-d10-s0/Learning/it20f20.npz
[save_run] Saved globals → /user/home/zj22662/work/reup-d10-s0/Learning/it20f20g.npz
[save_run] Saved final parameters → /user/home/zj22662/work/reup-d10-s0/ModelParams/m20f20.npz
[save_run] Appended entry to data_log and /user/home/zj22662/work/reup-d10-s0/run_log.yaml
20 done
